<?xml version="1.0" encoding="UTF-8"?>
<testng-results ignored="0" total="1" passed="1" failed="0" skipped="0">
  <reporter-output>
  </reporter-output>
  <suite started-at="2023-07-08T20:50:27 IST" name="Default suite" finished-at="2023-07-08T20:50:46 IST" duration-ms="19534">
    <groups>
    </groups>
    <test started-at="2023-07-08T20:50:27 IST" name="Default test" finished-at="2023-07-08T20:50:46 IST" duration-ms="19534">
      <class name="SeleniumBasicsRahAror.SeleniumBasicsRahAror.LaunchBrowser">
        <test-method signature="launchBrowsers()[pri:0, instance:SeleniumBasicsRahAror.SeleniumBasicsRahAror.LaunchBrowser@6d763516]" started-at="2023-07-08T20:50:27 IST" name="launchBrowsers" finished-at="2023-07-08T20:50:46 IST" duration-ms="19467" status="PASS">
          <reporter-output>
          </reporter-output>
        </test-method> <!-- launchBrowsers -->
      </class> <!-- SeleniumBasicsRahAror.SeleniumBasicsRahAror.LaunchBrowser -->
    </test> <!-- Default test -->
  </suite> <!-- Default suite -->
</testng-results>
